\BOOKMARK [0][]{chapter.7}{\376\377\0001\000\040\000I\000n\000t\000r\000o\000d\000u\000c\000t\000i\000o\000n}{}% 1
\BOOKMARK [1][]{section.15}{\376\377\0001\000.\0001\000\040\000A\000i\000m}{chapter.7}% 2
\BOOKMARK [1][]{section.17}{\376\377\0001\000.\0002\000\040\000C\000h\000a\000l\000l\000e\000n\000g\000e\000s}{chapter.7}% 3
\BOOKMARK [0][]{chapter.23}{\376\377\0002\000\040\000L\000i\000t\000e\000r\000a\000t\000u\000r\000e\000\040\000R\000e\000v\000i\000e\000w}{}% 4
\BOOKMARK [1][]{section.27}{\376\377\0002\000.\0001\000\040\000M\000S\000I\000\040\000i\000n\000\040\000N\000e\000u\000r\000o\000s\000u\000r\000g\000e\000r\000y}{chapter.23}% 5
\BOOKMARK [1][]{section.32}{\376\377\0002\000.\0002\000\040\000M\000e\000d\000i\000c\000a\000l\000\040\000I\000m\000a\000g\000e\000\040\000R\000e\000g\000i\000s\000t\000r\000a\000t\000i\000o\000n}{chapter.23}% 6
\BOOKMARK [0][]{chapter.35}{\376\377\0003\000\040\000M\000e\000t\000h\000o\000d\000o\000l\000o\000g\000y}{}% 7
\BOOKMARK [1][]{section.37}{\376\377\0003\000.\0001\000\040\000R\000e\000g\000i\000s\000t\000r\000a\000t\000i\000o\000n}{chapter.35}% 8
\BOOKMARK [2][]{subsection.39}{\376\377\0003\000.\0001\000.\0001\000\040\000S\000t\000a\000c\000k\000\040\000R\000e\000g\000i\000s\000t\000r\000a\000t\000i\000o\000n}{section.37}% 9
\BOOKMARK [2][]{subsection.50}{\376\377\0003\000.\0001\000.\0002\000\040\000G\000l\000o\000b\000a\000l\000\040\000R\000e\000g\000i\000s\000t\000r\000a\000t\000i\000o\000n}{section.37}% 10
\BOOKMARK [2][]{subsection.70}{\376\377\0003\000.\0001\000.\0003\000\040\000F\000i\000n\000e\000r\000\040\000R\000e\000g\000i\000s\000t\000r\000a\000t\000i\000o\000n}{section.37}% 11
\BOOKMARK [2][]{subsection.77}{\376\377\0003\000.\0001\000.\0004\000\040\000P\000i\000p\000e\000l\000i\000n\000e}{section.37}% 12
\BOOKMARK [1][]{section.80}{\376\377\0003\000.\0002\000\040\000I\000m\000a\000g\000e\000\040\000A\000n\000a\000l\000y\000s\000i\000s}{chapter.35}% 13
\BOOKMARK [2][]{subsection.84}{\376\377\0003\000.\0002\000.\0001\000\040\000X\000G\000B\000o\000o\000s\000t}{section.80}% 14
\BOOKMARK [2][]{subsection.96}{\376\377\0003\000.\0002\000.\0002\000\040\000U\000-\000N\000e\000t}{section.80}% 15
\BOOKMARK [0][]{chapter.104}{\376\377\0004\000\040\000R\000e\000s\000u\000l\000t\000s\000\040\000a\000n\000d\000\040\000D\000i\000s\000c\000u\000s\000s\000i\000o\000n}{}% 16
\BOOKMARK [1][]{section.106}{\376\377\0004\000.\0001\000\040\000R\000e\000g\000i\000s\000t\000r\000a\000t\000i\000o\000n}{chapter.104}% 17
\BOOKMARK [2][]{subsection.127}{\376\377\0004\000.\0001\000.\0001\000\040\000S\000t\000a\000c\000k\000\040\000R\000e\000g\000i\000s\000t\000r\000a\000t\000i\000o\000n}{section.106}% 18
\BOOKMARK [2][]{subsection.134}{\376\377\0004\000.\0001\000.\0002\000\040\000G\000l\000o\000b\000a\000l\000\040\000R\000e\000g\000i\000s\000t\000r\000a\000t\000i\000o\000n}{section.106}% 19
\BOOKMARK [2][]{subsection.140}{\376\377\0004\000.\0001\000.\0003\000\040\000F\000i\000n\000e\000r\000\040\000R\000e\000g\000i\000s\000t\000r\000a\000t\000i\000o\000n}{section.106}% 20
\BOOKMARK [2][]{subsection.145}{\376\377\0004\000.\0001\000.\0004\000\040\000P\000i\000p\000e\000l\000i\000n\000e}{section.106}% 21
\BOOKMARK [1][]{section.148}{\376\377\0004\000.\0002\000\040\000I\000m\000a\000g\000e\000\040\000A\000n\000a\000l\000y\000s\000i\000s}{chapter.104}% 22
\BOOKMARK [0][]{chapter.161}{\376\377\0005\000\040\000C\000o\000n\000c\000l\000u\000s\000i\000o\000n\000\040\000a\000n\000d\000\040\000F\000u\000t\000u\000r\000e\000\040\000W\000o\000r\000k\000s}{}% 23
\BOOKMARK [1][]{section.163}{\376\377\0005\000.\0001\000\040\000F\000u\000t\000u\000r\000e\000\040\000W\000o\000r\000k\000s}{chapter.161}% 24
\BOOKMARK [0][]{appendix.167}{\376\377\000A\000\040\000V\000i\000d\000e\000o\000s}{}% 25
\BOOKMARK [1][]{section.168}{\376\377\000A\000.\0001\000\040\000T\000i\000s\000s\000u\000e\000\040\000D\000i\000s\000p\000l\000a\000c\000e\000m\000e\000n\000t}{appendix.167}% 26
\BOOKMARK [1][]{section.169}{\376\377\000A\000.\0002\000\040\000S\000t\000a\000c\000k\000\040\000R\000e\000g\000i\000s\000t\000r\000a\000t\000i\000o\000n\000\040\000R\000e\000s\000u\000l\000t}{appendix.167}% 27
\BOOKMARK [1][]{section.170}{\376\377\000A\000.\0003\000\040\000F\000i\000n\000e\000r\000\040\000R\000e\000g\000i\000s\000t\000r\000a\000t\000i\000o\000n\000\040\000R\000e\000s\000u\000l\000t}{appendix.167}% 28
